Unity Editor version:    2021.2.6f1 (8c4e826ba445)
Branch:                  2021.2/staging
Build type:              Release
Batch mode:              YES
macOS version:           Version 12.1 (Build 21C52)
Darwin version:          21.2.0
Architecture:            arm64
Running under Rosetta:   NO
Available memory:        16384 MB
Using pre-set license
Pro License: NO

COMMAND LINE ARGUMENTS:
/Applications/Unity/Hub/Editor/2021.2.6f1/Unity.app/Contents/MacOS/Unity
-adb2
-batchMode
-noUpm
-name
AssetImportWorker0
-projectPath
/Users/emreberatkr/Documents/Unity/My Projects/Fireboy-and-Watergirl-3D
-logFile
Logs/AssetImportWorker0.log
-srvPort
54042
Successfully changed project path to: /Users/emreberatkr/Documents/Unity/My Projects/Fireboy-and-Watergirl-3D
/Users/emreberatkr/Documents/Unity/My Projects/Fireboy-and-Watergirl-3D
[UnityMemory] Configuration Parameters - Can be set up in boot.config
    "memorysetup-bucket-allocator-granularity=16"
    "memorysetup-bucket-allocator-bucket-count=8"
    "memorysetup-bucket-allocator-block-size=33554432"
    "memorysetup-bucket-allocator-block-count=8"
    "memorysetup-main-allocator-block-size=16777216"
    "memorysetup-thread-allocator-block-size=16777216"
    "memorysetup-gfx-main-allocator-block-size=16777216"
    "memorysetup-gfx-thread-allocator-block-size=16777216"
    "memorysetup-cache-allocator-block-size=4194304"
    "memorysetup-typetree-allocator-block-size=2097152"
    "memorysetup-profiler-bucket-allocator-granularity=16"
    "memorysetup-profiler-bucket-allocator-bucket-count=8"
    "memorysetup-profiler-bucket-allocator-block-size=33554432"
    "memorysetup-profiler-bucket-allocator-block-count=8"
    "memorysetup-profiler-allocator-block-size=16777216"
    "memorysetup-profiler-editor-allocator-block-size=1048576"
    "memorysetup-temp-allocator-size-main=16777216"
    "memorysetup-job-temp-allocator-block-size=2097152"
    "memorysetup-job-temp-allocator-block-size-background=1048576"
    "memorysetup-job-temp-allocator-reduction-small-platforms=262144"
    "memorysetup-temp-allocator-size-background-worker=32768"
    "memorysetup-temp-allocator-size-job-worker=262144"
    "memorysetup-temp-allocator-size-preload-manager=33554432"
    "memorysetup-temp-allocator-size-nav-mesh-worker=65536"
    "memorysetup-temp-allocator-size-audio-worker=65536"
    "memorysetup-temp-allocator-size-cloud-worker=32768"
    "memorysetup-temp-allocator-size-gi-baking-worker=262144"
    "memorysetup-temp-allocator-size-gfx=262144"
Refreshing native plugins compatible for Editor in 81.88 ms, found 3 plugins.
Preloading 0 native plugins for Editor in 0.00 ms.
Initialize engine version: 2021.2.6f1 (8c4e826ba445)
[Subsystems] Discovering subsystems at path /Applications/Unity/Hub/Editor/2021.2.6f1/Unity.app/Contents/Resources/UnitySubsystems
[Subsystems] Discovering subsystems at path /Users/emreberatkr/Documents/Unity/My Projects/Fireboy-and-Watergirl-3D/Assets
GfxDevice: creating device client; threaded=0; jobified=0
 preferred device: Apple M1 (high power)
Metal devices available: 1
0: Apple M1 (high power)
Using device Apple M1 (high power)
Initializing Metal device caps: Apple M1
Initialize mono
Mono path[0] = '/Applications/Unity/Hub/Editor/2021.2.6f1/Unity.app/Contents/Managed'
Mono path[1] = '/Applications/Unity/Hub/Editor/2021.2.6f1/Unity.app/Contents/MonoBleedingEdge/lib/mono/unityjit-macos'
Mono config path = '/Applications/Unity/Hub/Editor/2021.2.6f1/Unity.app/Contents/MonoBleedingEdge/etc'
Using monoOptions --debugger-agent=transport=dt_socket,embedding=1,server=y,suspend=n,address=127.0.0.1:56846
Begin MonoManager ReloadAssembly
Registering precompiled unity dll's ...
Register platform support module: /Applications/Unity/Hub/Editor/2021.2.6f1/PlaybackEngines/WebGLSupport/UnityEditor.WebGL.Extensions.dll
Register platform support module: /Applications/Unity/Hub/Editor/2021.2.6f1/Unity.app/Contents/PlaybackEngines/MacStandaloneSupport/UnityEditor.OSXStandalone.Extensions.dll
Registered in 0.001093 seconds.
Native extension for OSXStandalone target not found
Native extension for WebGL target not found
Refreshing native plugins compatible for Editor in 86.08 ms, found 3 plugins.
Preloading 0 native plugins for Editor in 0.00 ms.
Mono: successfully reloaded assembly
- Completed reload, in  0.405 seconds
Domain Reload Profiling:
	ReloadAssembly (405ms)
		BeginReloadAssembly (35ms)
			ExecutionOrderSort (0ms)
			DisableScriptedObjects (0ms)
			BackupInstance (0ms)
			ReleaseScriptingObjects (0ms)
			CreateAndSetChildDomain (0ms)
		EndReloadAssembly (320ms)
			LoadAssemblies (35ms)
			RebuildTransferFunctionScriptingTraits (0ms)
			SetupTypeCache (71ms)
			ReleaseScriptCaches (0ms)
			RebuildScriptCaches (20ms)
			SetupLoadedEditorAssemblies (200ms)
				LogAssemblyErrors (0ms)
				InitializePlatformSupportModulesInManaged (9ms)
				SetLoadedEditorAssemblies (0ms)
				RefreshPlugins (86ms)
				BeforeProcessingInitializeOnLoad (1ms)
				ProcessInitializeOnLoadAttributes (80ms)
				ProcessInitializeOnLoadMethodAttributes (25ms)
				AfterProcessingInitializeOnLoad (0ms)
				EditorAssembliesLoaded (0ms)
			ExecutionOrderSort2 (0ms)
			AwakeInstancesAfterBackupRestoration (0ms)
Platform modules already initialized, skipping
Registering precompiled user dll's ...
Registered in 0.002676 seconds.
Begin MonoManager ReloadAssembly
Symbol file LoadedFromMemory doesn't match image /Users/emreberatkr/Documents/Unity/My Projects/Fireboy-and-Watergirl-3D/Library/PackageCache/com.unity.visualscripting@1.7.5/Editor/VisualScripting.Core/Dependencies/YamlDotNet/Unity.VisualScripting.YamlDotNet.dll
Symbol file LoadedFromMemory doesn't match image /Users/emreberatkr/Documents/Unity/My Projects/Fireboy-and-Watergirl-3D/Library/PackageCache/com.unity.visualscripting@1.7.5/Editor/VisualScripting.Core/Dependencies/DotNetZip/Unity.VisualScripting.IonicZip.dll
Native extension for OSXStandalone target not found
Native extension for WebGL target not found
Refreshing native plugins compatible for Editor in 97.41 ms, found 3 plugins.
Preloading 0 native plugins for Editor in 0.00 ms.
Mono: successfully reloaded assembly
- Completed reload, in  2.269 seconds
Domain Reload Profiling:
	ReloadAssembly (2269ms)
		BeginReloadAssembly (55ms)
			ExecutionOrderSort (0ms)
			DisableScriptedObjects (3ms)
			BackupInstance (0ms)
			ReleaseScriptingObjects (0ms)
			CreateAndSetChildDomain (12ms)
		EndReloadAssembly (2152ms)
			LoadAssemblies (39ms)
			RebuildTransferFunctionScriptingTraits (0ms)
			SetupTypeCache (207ms)
			ReleaseScriptCaches (0ms)
			RebuildScriptCaches (50ms)
			SetupLoadedEditorAssemblies (1819ms)
				LogAssemblyErrors (0ms)
				InitializePlatformSupportModulesInManaged (5ms)
				SetLoadedEditorAssemblies (0ms)
				RefreshPlugins (97ms)
				BeforeProcessingInitializeOnLoad (75ms)
				ProcessInitializeOnLoadAttributes (1618ms)
				ProcessInitializeOnLoadMethodAttributes (21ms)
				AfterProcessingInitializeOnLoad (1ms)
				EditorAssembliesLoaded (0ms)
			ExecutionOrderSort2 (0ms)
			AwakeInstancesAfterBackupRestoration (2ms)
Platform modules already initialized, skipping
========================================================================
Worker process is ready to serve import requests
Launching external process: /Applications/Unity/Hub/Editor/2021.2.6f1/Unity.app/Contents/Tools/UnityShaderCompiler
Launched and connected shader compiler UnityShaderCompiler after 0.05 seconds
Refreshing native plugins compatible for Editor in 0.47 ms, found 3 plugins.
Preloading 0 native plugins for Editor in 0.00 ms.
Unloading 4447 Unused Serialized files (Serialized files now loaded: 0)
Unloading 44 unused Assets / (44.1 KB). Loaded Objects now: 4900.
Memory consumption went from 299.9 MB to 299.8 MB.
Total: 2.513875 ms (FindLiveObjects: 0.129333 ms CreateObjectMapping: 0.056792 ms MarkObjects: 2.262833 ms  DeleteObjects: 0.064167 ms)

AssetImportParameters requested are different than current active one (requested -> active):
  custom:video-decoder-ogg-theora: a1e56fd34408186e4bbccfd4996cb3dc -> 
  custom:container-muxer-webm: aa71ff27fc2769a1b78a27578f13a17b -> 
  custom:container-demuxer-webm: 4f35f7cbe854078d1ac9338744f61a02 -> 
  custom:video-encoder-webm-vp8: eb34c28f22e8b96e1ab97ce403110664 -> 
  custom:framework-osx-AVFoundation: e770b220cccbd017edd2c1fefb359320 -> 
  custom:audio-encoder-webm-vorbis: bf7c407c2cedff20999df2af8eb42d56 -> 
  custom:container-demuxer-ogg: 62fdf1f143b41e24485cea50d1cbac27 -> 
  custom:video-decoder-webm-vp8: 9c59270c3fd7afecdb556c50c9e8de78 -> 
  custom:audio-decoder-ogg-vorbis: bf7c407c2cedff20999df2af8eb42d56 -> 
========================================================================
Received Import Request.
  Time since last request: 113923.784401 seconds.
  path: Assets/Scenes/Levels/Level 5.unity
  artifactKey: Guid(fa8987e3e05d14c3a995b759c6f38326) Importer(815301076,1909f56bfc062723c751e8b465ee728b)
Start importing Assets/Scenes/Levels/Level 5.unity using Guid(fa8987e3e05d14c3a995b759c6f38326) Importer(815301076,1909f56bfc062723c751e8b465ee728b)  -> (artifact id: 'db2ce6e00cfd540a4fad60e79d6a3319') in 0.012453 seconds 
========================================================================
Received Prepare
Registering precompiled user dll's ...
Registered in 0.002771 seconds.
Begin MonoManager ReloadAssembly
Thread 0x28c8e3000 may have been prematurely finalized
Symbol file LoadedFromMemory doesn't match image /Users/emreberatkr/Documents/Unity/My Projects/Fireboy-and-Watergirl-3D/Library/PackageCache/com.unity.visualscripting@1.7.5/Editor/VisualScripting.Core/Dependencies/YamlDotNet/Unity.VisualScripting.YamlDotNet.dll
Symbol file LoadedFromMemory doesn't match image /Users/emreberatkr/Documents/Unity/My Projects/Fireboy-and-Watergirl-3D/Library/PackageCache/com.unity.visualscripting@1.7.5/Editor/VisualScripting.Core/Dependencies/DotNetZip/Unity.VisualScripting.IonicZip.dll
Native extension for OSXStandalone target not found
Native extension for WebGL target not found
Refreshing native plugins compatible for Editor in 0.49 ms, found 3 plugins.
Preloading 0 native plugins for Editor in 0.00 ms.
Mono: successfully reloaded assembly
- Completed reload, in  0.746 seconds
Domain Reload Profiling:
	ReloadAssembly (746ms)
		BeginReloadAssembly (79ms)
			ExecutionOrderSort (0ms)
			DisableScriptedObjects (4ms)
			BackupInstance (0ms)
			ReleaseScriptingObjects (0ms)
			CreateAndSetChildDomain (27ms)
		EndReloadAssembly (611ms)
			LoadAssemblies (36ms)
			RebuildTransferFunctionScriptingTraits (0ms)
			SetupTypeCache (213ms)
			ReleaseScriptCaches (2ms)
			RebuildScriptCaches (38ms)
			SetupLoadedEditorAssemblies (288ms)
				LogAssemblyErrors (0ms)
				InitializePlatformSupportModulesInManaged (6ms)
				SetLoadedEditorAssemblies (0ms)
				RefreshPlugins (1ms)
				BeforeProcessingInitializeOnLoad (50ms)
				ProcessInitializeOnLoadAttributes (206ms)
				ProcessInitializeOnLoadMethodAttributes (23ms)
				AfterProcessingInitializeOnLoad (1ms)
				EditorAssembliesLoaded (0ms)
			ExecutionOrderSort2 (0ms)
			AwakeInstancesAfterBackupRestoration (4ms)
Platform modules already initialized, skipping
Refreshing native plugins compatible for Editor in 0.71 ms, found 3 plugins.
Preloading 0 native plugins for Editor in 0.00 ms.
Unloading 4419 Unused Serialized files (Serialized files now loaded: 0)
Unloading 32 unused Assets / (23.0 KB). Loaded Objects now: 4903.
Memory consumption went from 297.8 MB to 297.8 MB.
Total: 3.476417 ms (FindLiveObjects: 0.240459 ms CreateObjectMapping: 0.073833 ms MarkObjects: 3.131958 ms  DeleteObjects: 0.029042 ms)

AssetImportParameters requested are different than current active one (requested -> active):
  custom:video-decoder-ogg-theora: a1e56fd34408186e4bbccfd4996cb3dc -> 
  custom:container-muxer-webm: aa71ff27fc2769a1b78a27578f13a17b -> 
  custom:container-demuxer-webm: 4f35f7cbe854078d1ac9338744f61a02 -> 
  custom:video-encoder-webm-vp8: eb34c28f22e8b96e1ab97ce403110664 -> 
  custom:framework-osx-AVFoundation: e770b220cccbd017edd2c1fefb359320 -> 
  custom:audio-encoder-webm-vorbis: bf7c407c2cedff20999df2af8eb42d56 -> 
  custom:container-demuxer-ogg: 62fdf1f143b41e24485cea50d1cbac27 -> 
  custom:video-decoder-webm-vp8: 9c59270c3fd7afecdb556c50c9e8de78 -> 
  custom:audio-decoder-ogg-vorbis: bf7c407c2cedff20999df2af8eb42d56 -> 
========================================================================
Received Import Request.
  Time since last request: 240.994285 seconds.
  path: Assets/Scripts/Fluids/FluidMeshRenderer.cs
  artifactKey: Guid(6fc02b982c2fa480ba7b09afcd5f4b64) Importer(815301076,1909f56bfc062723c751e8b465ee728b)
Start importing Assets/Scripts/Fluids/FluidMeshRenderer.cs using Guid(6fc02b982c2fa480ba7b09afcd5f4b64) Importer(815301076,1909f56bfc062723c751e8b465ee728b)  -> (artifact id: '87a64e3e6421e84b002f5b60a896b88d') in 0.091110 seconds 
========================================================================
Received Prepare
Registering precompiled user dll's ...
Registered in 0.002578 seconds.
Begin MonoManager ReloadAssembly
Thread 0x16f123000 may have been prematurely finalized
Symbol file LoadedFromMemory doesn't match image /Users/emreberatkr/Documents/Unity/My Projects/Fireboy-and-Watergirl-3D/Library/PackageCache/com.unity.visualscripting@1.7.5/Editor/VisualScripting.Core/Dependencies/YamlDotNet/Unity.VisualScripting.YamlDotNet.dll
Symbol file LoadedFromMemory doesn't match image /Users/emreberatkr/Documents/Unity/My Projects/Fireboy-and-Watergirl-3D/Library/PackageCache/com.unity.visualscripting@1.7.5/Editor/VisualScripting.Core/Dependencies/DotNetZip/Unity.VisualScripting.IonicZip.dll
Native extension for OSXStandalone target not found
Native extension for WebGL target not found
Refreshing native plugins compatible for Editor in 0.47 ms, found 3 plugins.
Preloading 0 native plugins for Editor in 0.00 ms.
Mono: successfully reloaded assembly
- Completed reload, in  0.642 seconds
Domain Reload Profiling:
	ReloadAssembly (642ms)
		BeginReloadAssembly (73ms)
			ExecutionOrderSort (0ms)
			DisableScriptedObjects (4ms)
			BackupInstance (0ms)
			ReleaseScriptingObjects (0ms)
			CreateAndSetChildDomain (27ms)
		EndReloadAssembly (514ms)
			LoadAssemblies (33ms)
			RebuildTransferFunctionScriptingTraits (0ms)
			SetupTypeCache (178ms)
			ReleaseScriptCaches (1ms)
			RebuildScriptCaches (31ms)
			SetupLoadedEditorAssemblies (242ms)
				LogAssemblyErrors (0ms)
				InitializePlatformSupportModulesInManaged (5ms)
				SetLoadedEditorAssemblies (0ms)
				RefreshPlugins (0ms)
				BeforeProcessingInitializeOnLoad (45ms)
				ProcessInitializeOnLoadAttributes (172ms)
				ProcessInitializeOnLoadMethodAttributes (18ms)
				AfterProcessingInitializeOnLoad (1ms)
				EditorAssembliesLoaded (0ms)
			ExecutionOrderSort2 (0ms)
			AwakeInstancesAfterBackupRestoration (3ms)
Platform modules already initialized, skipping
Refreshing native plugins compatible for Editor in 0.51 ms, found 3 plugins.
Preloading 0 native plugins for Editor in 0.00 ms.
Unloading 4419 Unused Serialized files (Serialized files now loaded: 0)
Unloading 32 unused Assets / (22.0 KB). Loaded Objects now: 4906.
Memory consumption went from 302.8 MB to 302.7 MB.
Total: 2.640500 ms (FindLiveObjects: 0.135542 ms CreateObjectMapping: 0.058000 ms MarkObjects: 2.431167 ms  DeleteObjects: 0.014833 ms)

AssetImportParameters requested are different than current active one (requested -> active):
  custom:video-decoder-ogg-theora: a1e56fd34408186e4bbccfd4996cb3dc -> 
  custom:container-muxer-webm: aa71ff27fc2769a1b78a27578f13a17b -> 
  custom:container-demuxer-webm: 4f35f7cbe854078d1ac9338744f61a02 -> 
  custom:video-encoder-webm-vp8: eb34c28f22e8b96e1ab97ce403110664 -> 
  custom:framework-osx-AVFoundation: e770b220cccbd017edd2c1fefb359320 -> 
  custom:audio-encoder-webm-vorbis: bf7c407c2cedff20999df2af8eb42d56 -> 
  custom:container-demuxer-ogg: 62fdf1f143b41e24485cea50d1cbac27 -> 
  custom:video-decoder-webm-vp8: 9c59270c3fd7afecdb556c50c9e8de78 -> 
  custom:audio-decoder-ogg-vorbis: bf7c407c2cedff20999df2af8eb42d56 -> 
========================================================================
Received Import Request.
  Time since last request: 33.670194 seconds.
  path: Assets/Scripts/Fluids/FluidMeshRenderer.cs
  artifactKey: Guid(6fc02b982c2fa480ba7b09afcd5f4b64) Importer(815301076,1909f56bfc062723c751e8b465ee728b)
Start importing Assets/Scripts/Fluids/FluidMeshRenderer.cs using Guid(6fc02b982c2fa480ba7b09afcd5f4b64) Importer(815301076,1909f56bfc062723c751e8b465ee728b)  -> (artifact id: 'a6cfd689142b09b99661bad3be6f515c') in 0.005160 seconds 
========================================================================
Received Prepare
Registering precompiled user dll's ...
Registered in 0.002593 seconds.
Begin MonoManager ReloadAssembly
Thread 0x16f123000 may have been prematurely finalized
Symbol file LoadedFromMemory doesn't match image /Users/emreberatkr/Documents/Unity/My Projects/Fireboy-and-Watergirl-3D/Library/PackageCache/com.unity.visualscripting@1.7.5/Editor/VisualScripting.Core/Dependencies/YamlDotNet/Unity.VisualScripting.YamlDotNet.dll
Symbol file LoadedFromMemory doesn't match image /Users/emreberatkr/Documents/Unity/My Projects/Fireboy-and-Watergirl-3D/Library/PackageCache/com.unity.visualscripting@1.7.5/Editor/VisualScripting.Core/Dependencies/DotNetZip/Unity.VisualScripting.IonicZip.dll
Native extension for OSXStandalone target not found
Native extension for WebGL target not found
Refreshing native plugins compatible for Editor in 1.05 ms, found 3 plugins.
Preloading 0 native plugins for Editor in 0.00 ms.
Mono: successfully reloaded assembly
- Completed reload, in  0.758 seconds
Domain Reload Profiling:
	ReloadAssembly (758ms)
		BeginReloadAssembly (77ms)
			ExecutionOrderSort (0ms)
			DisableScriptedObjects (4ms)
			BackupInstance (0ms)
			ReleaseScriptingObjects (0ms)
			CreateAndSetChildDomain (29ms)
		EndReloadAssembly (624ms)
			LoadAssemblies (34ms)
			RebuildTransferFunctionScriptingTraits (0ms)
			SetupTypeCache (191ms)
			ReleaseScriptCaches (2ms)
			RebuildScriptCaches (49ms)
			SetupLoadedEditorAssemblies (299ms)
				LogAssemblyErrors (0ms)
				InitializePlatformSupportModulesInManaged (9ms)
				SetLoadedEditorAssemblies (0ms)
				RefreshPlugins (1ms)
				BeforeProcessingInitializeOnLoad (58ms)
				ProcessInitializeOnLoadAttributes (206ms)
				ProcessInitializeOnLoadMethodAttributes (23ms)
				AfterProcessingInitializeOnLoad (1ms)
				EditorAssembliesLoaded (0ms)
			ExecutionOrderSort2 (0ms)
			AwakeInstancesAfterBackupRestoration (4ms)
Platform modules already initialized, skipping
Refreshing native plugins compatible for Editor in 0.58 ms, found 3 plugins.
Preloading 0 native plugins for Editor in 0.00 ms.
Unloading 4419 Unused Serialized files (Serialized files now loaded: 0)
Unloading 32 unused Assets / (22.6 KB). Loaded Objects now: 4909.
Memory consumption went from 303.0 MB to 303.0 MB.
Total: 3.135333 ms (FindLiveObjects: 0.254250 ms CreateObjectMapping: 0.066792 ms MarkObjects: 2.781333 ms  DeleteObjects: 0.030833 ms)

AssetImportParameters requested are different than current active one (requested -> active):
  custom:video-decoder-ogg-theora: a1e56fd34408186e4bbccfd4996cb3dc -> 
  custom:container-muxer-webm: aa71ff27fc2769a1b78a27578f13a17b -> 
  custom:container-demuxer-webm: 4f35f7cbe854078d1ac9338744f61a02 -> 
  custom:video-encoder-webm-vp8: eb34c28f22e8b96e1ab97ce403110664 -> 
  custom:framework-osx-AVFoundation: e770b220cccbd017edd2c1fefb359320 -> 
  custom:audio-encoder-webm-vorbis: bf7c407c2cedff20999df2af8eb42d56 -> 
  custom:container-demuxer-ogg: 62fdf1f143b41e24485cea50d1cbac27 -> 
  custom:video-decoder-webm-vp8: 9c59270c3fd7afecdb556c50c9e8de78 -> 
  custom:audio-decoder-ogg-vorbis: bf7c407c2cedff20999df2af8eb42d56 -> 
========================================================================
Received Import Request.
  Time since last request: 24.332235 seconds.
  path: Assets/Scenes/Levels/Level 2.unity
  artifactKey: Guid(436dd94a8bacc45afac15265551ecc09) Importer(815301076,1909f56bfc062723c751e8b465ee728b)
Start importing Assets/Scenes/Levels/Level 2.unity using Guid(436dd94a8bacc45afac15265551ecc09) Importer(815301076,1909f56bfc062723c751e8b465ee728b)  -> (artifact id: 'bb18af8d3dcd20b78fe5c5e086575398') in 0.016624 seconds 
========================================================================
Received Import Request.
  Time since last request: 62.154233 seconds.
  path: Assets/Scenes/Levels/Level 5.unity
  artifactKey: Guid(fa8987e3e05d14c3a995b759c6f38326) Importer(815301076,1909f56bfc062723c751e8b465ee728b)
Start importing Assets/Scenes/Levels/Level 5.unity using Guid(fa8987e3e05d14c3a995b759c6f38326) Importer(815301076,1909f56bfc062723c751e8b465ee728b)  -> (artifact id: 'c5344b7cfc36037a0d75f35a63609b10') in 0.001389 seconds 
========================================================================
Received Import Request.
  Time since last request: 6.578193 seconds.
  path: Assets/Scenes/Levels/Level 6.unity
  artifactKey: Guid(e5dbdc49b033540848f9fb0cbe7fb1c3) Importer(815301076,1909f56bfc062723c751e8b465ee728b)
Start importing Assets/Scenes/Levels/Level 6.unity using Guid(e5dbdc49b033540848f9fb0cbe7fb1c3) Importer(815301076,1909f56bfc062723c751e8b465ee728b)  -> (artifact id: '9a92f2167e050adbdf367f0c2d100ab9') in 0.001688 seconds 
========================================================================
Received Import Request.
  Time since last request: 9.096256 seconds.
  path: Assets/Scenes/Levels/Level 7.unity
  artifactKey: Guid(a3079ade1332747d98c25e99b9e0d41d) Importer(815301076,1909f56bfc062723c751e8b465ee728b)
Start importing Assets/Scenes/Levels/Level 7.unity using Guid(a3079ade1332747d98c25e99b9e0d41d) Importer(815301076,1909f56bfc062723c751e8b465ee728b)  -> (artifact id: '8ff5673adb98a5461150bd4f30460b4f') in 0.001662 seconds 
========================================================================
Received Import Request.
  Time since last request: 30.797478 seconds.
  path: Assets/Scenes/Levels/Level 8.unity
  artifactKey: Guid(722725659209a4d1a85ec164b5ac5cd8) Importer(815301076,1909f56bfc062723c751e8b465ee728b)
Start importing Assets/Scenes/Levels/Level 8.unity using Guid(722725659209a4d1a85ec164b5ac5cd8) Importer(815301076,1909f56bfc062723c751e8b465ee728b)  -> (artifact id: '60c5a5da0bbb004a1d0b171ffe9c401e') in 0.001701 seconds 
========================================================================
Received Import Request.
  Time since last request: 56.356402 seconds.
  path: Assets/Scenes/Levels/Level 9.unity
  artifactKey: Guid(236b52697cb8b44d58020af6c5291df6) Importer(815301076,1909f56bfc062723c751e8b465ee728b)
Start importing Assets/Scenes/Levels/Level 9.unity using Guid(236b52697cb8b44d58020af6c5291df6) Importer(815301076,1909f56bfc062723c751e8b465ee728b)  -> (artifact id: '1af864108ae0605a6ab7d04b4c64f2ce') in 0.001672 seconds 
========================================================================
Received Import Request.
  Time since last request: 17.716190 seconds.
  path: Assets/Scenes/Levels/Level 10.unity
  artifactKey: Guid(9e32eb094933643e7a087e5005837390) Importer(815301076,1909f56bfc062723c751e8b465ee728b)
Start importing Assets/Scenes/Levels/Level 10.unity using Guid(9e32eb094933643e7a087e5005837390) Importer(815301076,1909f56bfc062723c751e8b465ee728b)  -> (artifact id: '97f8d3ade023ee432924c18de7abfecf') in 0.001796 seconds 
========================================================================
Received Import Request.
  Time since last request: 65.219223 seconds.
  path: Assets/Scenes/Levels/Level 11.unity
  artifactKey: Guid(4f6fb8594402b4e01b52c989e122ecd9) Importer(815301076,1909f56bfc062723c751e8b465ee728b)
Start importing Assets/Scenes/Levels/Level 11.unity using Guid(4f6fb8594402b4e01b52c989e122ecd9) Importer(815301076,1909f56bfc062723c751e8b465ee728b)  -> (artifact id: '7d0a0b979e763442cfacb494f82010d5') in 0.001362 seconds 
========================================================================
Received Import Request.
  Time since last request: 98.261778 seconds.
  path: Assets/Scenes/Levels/Level 7.unity
  artifactKey: Guid(a3079ade1332747d98c25e99b9e0d41d) Importer(815301076,1909f56bfc062723c751e8b465ee728b)
Start importing Assets/Scenes/Levels/Level 7.unity using Guid(a3079ade1332747d98c25e99b9e0d41d) Importer(815301076,1909f56bfc062723c751e8b465ee728b)  -> (artifact id: '566c9784563ba4e78a8506075b6ae047') in 0.001944 seconds 
========================================================================
Received Import Request.
  Time since last request: 3.340046 seconds.
  path: Assets/Scenes/Levels/Level 8.unity
  artifactKey: Guid(722725659209a4d1a85ec164b5ac5cd8) Importer(815301076,1909f56bfc062723c751e8b465ee728b)
Start importing Assets/Scenes/Levels/Level 8.unity using Guid(722725659209a4d1a85ec164b5ac5cd8) Importer(815301076,1909f56bfc062723c751e8b465ee728b)  -> (artifact id: '255400b2612b4a4225b5d33965b33ce4') in 0.001860 seconds 
========================================================================
Received Import Request.
  Time since last request: 8.846891 seconds.
  path: Assets/Scenes/Levels/Level 10.unity
  artifactKey: Guid(9e32eb094933643e7a087e5005837390) Importer(815301076,1909f56bfc062723c751e8b465ee728b)
Start importing Assets/Scenes/Levels/Level 10.unity using Guid(9e32eb094933643e7a087e5005837390) Importer(815301076,1909f56bfc062723c751e8b465ee728b)  -> (artifact id: 'f288fa469730e4fb55cfef06dc2d0758') in 0.001862 seconds 
========================================================================
Received Import Request.
  Time since last request: 7.112693 seconds.
  path: Assets/Scenes/Levels/Level 11.unity
  artifactKey: Guid(4f6fb8594402b4e01b52c989e122ecd9) Importer(815301076,1909f56bfc062723c751e8b465ee728b)
Start importing Assets/Scenes/Levels/Level 11.unity using Guid(4f6fb8594402b4e01b52c989e122ecd9) Importer(815301076,1909f56bfc062723c751e8b465ee728b)  -> (artifact id: 'afebba5f8726ca55a62664ebfda4ba9e') in 0.001687 seconds 
